{"name": "OrangeHRM Login", "status": "broken", "statusDetails": {"message": "selenium.common.exceptions.NoSuchElementException: Message: no such element: Unable to locate element: {\"method\":\"xpath\",\"selector\":\"//input[@name='username']\"}\n  (Session info: chrome=133.0.6943.99); For documentation on this error, please visit: https://www.selenium.dev/documentation/webdriver/troubleshooting/errors#no-such-element-exception\nStacktrace:\n\tGetHandleVerifier [0x003B0283+25139]\n\t(No symbol) [0x0033B234]\n\t(No symbol) [0x002104A3]\n\t(No symbol) [0x00258338]\n\t(No symbol) [0x0025868B]\n\t(No symbol) [0x002A0F62]\n\t(No symbol) [0x0027CF84]\n\t(No symbol) [0x0029E6E1]\n\t(No symbol) [0x0027CD36]\n\t(No symbol) [0x0024BD29]\n\t(No symbol) [0x0024D064]\n\tGetHandleVerifier [0x006BB143+3215603]\n\tGetHandleVerifier [0x006D22BA+3310186]\n\tGetHandleVerifier [0x006CC4D2+3286146]\n\tGetHandleVerifier [0x00449C80+654384]\n\t(No symbol) [0x003445BD]\n\t(No symbol) [0x003414A8]\n\t(No symbol) [0x00341647]\n\t(No symbol) [0x00333D20]\n\tBaseThreadInitThunk [0x76A97BA9+25]\n\tRtlInitializeExceptionChain [0x779DC28B+107]\n\tRtlClearBits [0x779DC20F+191]\n\n", "trace": "  File \"C:\\Users\\HELLO\\AppData\\Local\\Programs\\Python\\Python311\\Lib\\site-packages\\behave\\model.py\", line 1329, in run\n    match.run(runner.context)\n  File \"C:\\Users\\HELLO\\AppData\\Local\\Programs\\Python\\Python311\\Lib\\site-packages\\behave\\matchers.py\", line 98, in run\n    self.func(context, *args, **kwargs)\n  File \"features\\steps\\orangehrmlogin_steps.py\", line 31, in login_data\n    context.driver.find_element(By.XPATH, \"//input[@name='username']\").send_keys(user)\n    ^^^^^^^^^^^^^^^^^^^^^^^^^^^^^^^^^^^^^^^^^^^^^^^^^^^^^^^^^^^^^^^^^^\n  File \"C:\\Users\\HELLO\\AppData\\Local\\Programs\\Python\\Python311\\Lib\\site-packages\\selenium\\webdriver\\remote\\webdriver.py\", line 888, in find_element\n    return self.execute(Command.FIND_ELEMENT, {\"using\": by, \"value\": value})[\"value\"]\n           ^^^^^^^^^^^^^^^^^^^^^^^^^^^^^^^^^^^^^^^^^^^^^^^^^^^^^^^^^^^^^^^^^\n  File \"C:\\Users\\HELLO\\AppData\\Local\\Programs\\Python\\Python311\\Lib\\site-packages\\selenium\\webdriver\\remote\\webdriver.py\", line 429, in execute\n    self.error_handler.check_response(response)\n  File \"C:\\Users\\HELLO\\AppData\\Local\\Programs\\Python\\Python311\\Lib\\site-packages\\selenium\\webdriver\\remote\\errorhandler.py\", line 232, in check_response\n    raise exception_class(message, screen, stacktrace)\n"}, "steps": [{"name": "When enter username \"admin\" and password \"admin123\"", "status": "broken", "statusDetails": {"message": "selenium.common.exceptions.NoSuchElementException: Message: no such element: Unable to locate element: {\"method\":\"xpath\",\"selector\":\"//input[@name='username']\"}\n  (Session info: chrome=133.0.6943.99); For documentation on this error, please visit: https://www.selenium.dev/documentation/webdriver/troubleshooting/errors#no-such-element-exception\nStacktrace:\n\tGetHandleVerifier [0x003B0283+25139]\n\t(No symbol) [0x0033B234]\n\t(No symbol) [0x002104A3]\n\t(No symbol) [0x00258338]\n\t(No symbol) [0x0025868B]\n\t(No symbol) [0x002A0F62]\n\t(No symbol) [0x0027CF84]\n\t(No symbol) [0x0029E6E1]\n\t(No symbol) [0x0027CD36]\n\t(No symbol) [0x0024BD29]\n\t(No symbol) [0x0024D064]\n\tGetHandleVerifier [0x006BB143+3215603]\n\tGetHandleVerifier [0x006D22BA+3310186]\n\tGetHandleVerifier [0x006CC4D2+3286146]\n\tGetHandleVerifier [0x00449C80+654384]\n\t(No symbol) [0x003445BD]\n\t(No symbol) [0x003414A8]\n\t(No symbol) [0x00341647]\n\t(No symbol) [0x00333D20]\n\tBaseThreadInitThunk [0x76A97BA9+25]\n\tRtlInitializeExceptionChain [0x779DC28B+107]\n\tRtlClearBits [0x779DC20F+191]\n\n", "trace": "  File \"C:\\Users\\HELLO\\AppData\\Local\\Programs\\Python\\Python311\\Lib\\site-packages\\behave\\model.py\", line 1329, in run\n    match.run(runner.context)\n  File \"C:\\Users\\HELLO\\AppData\\Local\\Programs\\Python\\Python311\\Lib\\site-packages\\behave\\matchers.py\", line 98, in run\n    self.func(context, *args, **kwargs)\n  File \"features\\steps\\orangehrmlogin_steps.py\", line 31, in login_data\n    context.driver.find_element(By.XPATH, \"//input[@name='username']\").send_keys(user)\n    ^^^^^^^^^^^^^^^^^^^^^^^^^^^^^^^^^^^^^^^^^^^^^^^^^^^^^^^^^^^^^^^^^^\n  File \"C:\\Users\\HELLO\\AppData\\Local\\Programs\\Python\\Python311\\Lib\\site-packages\\selenium\\webdriver\\remote\\webdriver.py\", line 888, in find_element\n    return self.execute(Command.FIND_ELEMENT, {\"using\": by, \"value\": value})[\"value\"]\n           ^^^^^^^^^^^^^^^^^^^^^^^^^^^^^^^^^^^^^^^^^^^^^^^^^^^^^^^^^^^^^^^^^\n  File \"C:\\Users\\HELLO\\AppData\\Local\\Programs\\Python\\Python311\\Lib\\site-packages\\selenium\\webdriver\\remote\\webdriver.py\", line 429, in execute\n    self.error_handler.check_response(response)\n  File \"C:\\Users\\HELLO\\AppData\\Local\\Programs\\Python\\Python311\\Lib\\site-packages\\selenium\\webdriver\\remote\\errorhandler.py\", line 232, in check_response\n    raise exception_class(message, screen, stacktrace)\n"}, "start": 1740455384102, "stop": 1740455394190}, {"name": "Then user must be successfully login into the system", "status": "skipped", "start": 1740455396513, "stop": 1740455396513}, {"name": "And close browser", "status": "skipped", "start": 1740455396513, "stop": 1740455396513}], "start": 1740455379039, "stop": 1740455396513, "uuid": "4daf064d-4da3-485f-94a4-ac8cf1cd5177", "historyId": "d9f2d45474b120ace0029edf875d15b7", "fullName": "OramgeHRM Login: OrangeHRM Login", "labels": [{"name": "severity", "value": "normal"}, {"name": "feature", "value": "OramgeHRM Login"}, {"name": "framework", "value": "behave"}, {"name": "language", "value": "cpython3"}]}